Using pre-set license
Built from '2020.3/staging' branch; Version is '2020.3.4f1 (0abb6314276a) revision 703331'; Using compiler version '192528614'; Build Type 'Release'
OS: 'Windows 10 Home; OS build 19042.1466; Version 2009; 64bit' Language: 'ja' Physical Memory: 8072 MB
BatchMode: 1, IsHumanControllingUs: 0, StartBugReporterOnCrash: 0, Is64bit: 1, IsPro: 0

 COMMAND LINE ARGUMENTS:
D:\Unity\2020.3.4f1\Editor\Unity.exe
-adb2
-batchMode
-noUpm
-name
AssetImportWorker0
-projectPath
C:/Users/mgmyu/OneDrive/ドキュメント/GitHub/unity-repository/Plane1
-logFile
Logs/AssetImportWorker0.log
-srvPort
62252
Successfully changed project path to: C:/Users/mgmyu/OneDrive/ドキュメント/GitHub/unity-repository/Plane1
C:/Users/mgmyu/OneDrive/ドキュメント/GitHub/unity-repository/Plane1
Using Asset Import Pipeline V2.
Refreshing native plugins compatible for Editor in 41.53 ms, found 0 plugins.
Preloading 0 native plugins for Editor in 0.00 ms.
Initialize engine version: 2020.3.4f1 (0abb6314276a)
[Subsystems] Discovering subsystems at path D:/Unity/2020.3.4f1/Editor/Data/Resources/UnitySubsystems
[Subsystems] Discovering subsystems at path C:/Users/mgmyu/OneDrive/ドキュメント/GitHub/unity-repository/Plane1/Assets
GfxDevice: creating device client; threaded=0
Direct3D:
    Version:  Direct3D 11.0 [level 11.1]
    Renderer: Intel(R) UHD Graphics 620 (ID=0x3ea0)
    Vendor:   
    VRAM:     4036 MB
    Driver:   27.20.100.8280
Shader 'WFX/Transparent Specular': fallback shader 'Particles/Alpha Blended' not found
Shader 'WFX/Transparent Diffuse': fallback shader 'Particles/Alpha Blended' not found
Initialize mono
Mono path[0] = 'D:/Unity/2020.3.4f1/Editor/Data/Managed'
Mono path[1] = 'D:/Unity/2020.3.4f1/Editor/Data/MonoBleedingEdge/lib/mono/unityjit'
Mono config path = 'D:/Unity/2020.3.4f1/Editor/Data/MonoBleedingEdge/etc'
Using monoOptions --debugger-agent=transport=dt_socket,embedding=1,server=y,suspend=n,address=127.0.0.1:56864
Begin MonoManager ReloadAssembly
Registering precompiled unity dll's ...
Register platform support module: D:/Unity/2020.3.4f1/Editor/Data/PlaybackEngines/WindowsStandaloneSupport/UnityEditor.WindowsStandalone.Extensions.dll
Registered in 0.000813 seconds.
Native extension for WindowsStandalone target not found
Refreshing native plugins compatible for Editor in 27.92 ms, found 0 plugins.
Preloading 0 native plugins for Editor in 0.00 ms.
Mono: successfully reloaded assembly
- Completed reload, in  1.368 seconds
Platform modules already initialized, skipping
Registering precompiled user dll's ...
Registered in 0.000720 seconds.
Begin MonoManager ReloadAssembly
Native extension for WindowsStandalone target not found
Refreshing native plugins compatible for Editor in 0.25 ms, found 0 plugins.
Preloading 0 native plugins for Editor in 0.00 ms.
Mono: successfully reloaded assembly
- Completed reload, in  0.781 seconds
Platform modules already initialized, skipping
========================================================================
Worker process is ready to serve import requests
Shader 'WFX/Transparent Specular': fallback shader 'Particles/Alpha Blended' not found
Shader 'WFX/Transparent Diffuse': fallback shader 'Particles/Alpha Blended' not found
Launched and connected shader compiler UnityShaderCompiler.exe after 0.08 seconds
Refreshing native plugins compatible for Editor in 0.25 ms, found 0 plugins.
Preloading 0 native plugins for Editor in 0.00 ms.
Unloading 1183 Unused Serialized files (Serialized files now loaded: 0)
System memory in use before: 64.6 MB.
System memory in use after: 64.7 MB.

Unloading 9 unused Assets to reduce memory usage. Loaded Objects now: 1632.
Total: 1.495300 ms (FindLiveObjects: 0.141300 ms CreateObjectMapping: 0.036100 ms MarkObjects: 1.241600 ms  DeleteObjects: 0.075400 ms)

========================================================================
Received Import Request.
  path: Assets/murakami/FBX/BlueWing v2.fbx
  artifactKey: Guid(4a947cbb225e41f49a44531161928bb5) Importer(815301076,1909f56bfc062723c751e8b465ee728b)
Start importing Assets/murakami/FBX/BlueWing v2.fbx using Guid(4a947cbb225e41f49a44531161928bb5) Importer(815301076,1909f56bfc062723c751e8b465ee728b)  -> (artifact id: 'ca1dbc184c7627347915bec4fc85a0f8') in 0.715210 seconds
  Import took 0.718965 seconds .

========================================================================
Received Prepare
Registering precompiled user dll's ...
Registered in 0.000681 seconds.
Begin MonoManager ReloadAssembly
Native extension for WindowsStandalone target not found
Refreshing native plugins compatible for Editor in 0.38 ms, found 0 plugins.
Preloading 0 native plugins for Editor in 0.00 ms.
Mono: successfully reloaded assembly
- Completed reload, in  0.916 seconds
Platform modules already initialized, skipping
Shader 'WFX/Transparent Specular': fallback shader 'Particles/Alpha Blended' not found
Shader 'WFX/Transparent Diffuse': fallback shader 'Particles/Alpha Blended' not found
Refreshing native plugins compatible for Editor in 0.29 ms, found 0 plugins.
Preloading 0 native plugins for Editor in 0.00 ms.
Unloading 1164 Unused Serialized files (Serialized files now loaded: 0)
System memory in use before: 66.7 MB.
System memory in use after: 66.8 MB.

Unloading 5 unused Assets to reduce memory usage. Loaded Objects now: 1678.
Total: 1.633600 ms (FindLiveObjects: 0.145100 ms CreateObjectMapping: 0.036700 ms MarkObjects: 1.429800 ms  DeleteObjects: 0.020700 ms)

========================================================================
Received Import Request.
  Time since last request: 180.349624 seconds.
  path: Assets/murakami/materials/Body.mat
  artifactKey: Guid(88512e7a38302fc42ad8f8a3c484fdcb) Importer(815301076,1909f56bfc062723c751e8b465ee728b)
Start importing Assets/murakami/materials/Body.mat using Guid(88512e7a38302fc42ad8f8a3c484fdcb) Importer(815301076,1909f56bfc062723c751e8b465ee728b)  -> (artifact id: '024d33cb7463f9e2788e8299db7ff9fd') in 0.087048 seconds
  Import took 0.090710 seconds .

========================================================================
Received Prepare
Registering precompiled user dll's ...
Registered in 0.001677 seconds.
Begin MonoManager ReloadAssembly
Native extension for WindowsStandalone target not found
Refreshing native plugins compatible for Editor in 0.25 ms, found 0 plugins.
Preloading 0 native plugins for Editor in 0.00 ms.
Mono: successfully reloaded assembly
- Completed reload, in  1.418 seconds
Platform modules already initialized, skipping
Shader 'WFX/Transparent Specular': fallback shader 'Particles/Alpha Blended' not found
Shader 'WFX/Transparent Diffuse': fallback shader 'Particles/Alpha Blended' not found
Refreshing native plugins compatible for Editor in 0.28 ms, found 0 plugins.
Preloading 0 native plugins for Editor in 0.00 ms.
Unloading 1164 Unused Serialized files (Serialized files now loaded: 0)
System memory in use before: 66.7 MB.
System memory in use after: 66.8 MB.

Unloading 4 unused Assets to reduce memory usage. Loaded Objects now: 1682.
Total: 1.487400 ms (FindLiveObjects: 0.130900 ms CreateObjectMapping: 0.032500 ms MarkObjects: 1.309400 ms  DeleteObjects: 0.013400 ms)

========================================================================
Received Import Request.
  Time since last request: 103.837465 seconds.
  path: Assets/murakami/materials/Body.mat
  artifactKey: Guid(88512e7a38302fc42ad8f8a3c484fdcb) Importer(815301076,1909f56bfc062723c751e8b465ee728b)
Start importing Assets/murakami/materials/Body.mat using Guid(88512e7a38302fc42ad8f8a3c484fdcb) Importer(815301076,1909f56bfc062723c751e8b465ee728b)  -> (artifact id: '4f48a274e02db2714ca7dd2f04a9aaf8') in 0.091747 seconds
  Import took 0.095713 seconds .

AssetImportWorkerClient::OnTransportError - code=2 error=End of file
